<?xml version="1.0" encoding="UTF-8"?>
<coverage generated="1661522474666" clover="3.2.0">
  <project timestamp="1661522474667" name="All files">
    <metrics statements="25" coveredstatements="22" conditionals="0" coveredconditionals="0" methods="16" coveredmethods="13" elements="41" coveredelements="35" complexity="0" loc="25" ncloc="25" packages="2" files="4" classes="4"/>
    <package name="classes.Principios_Solid.interfaceSegregationPrinciple">
      <metrics statements="9" coveredstatements="6" conditionals="0" coveredconditionals="0" methods="5" coveredmethods="2"/>
      <file name="discount.ts" path="C:\Users\Nicman\Desktop\Typescript\src\classes\Principios_Solid\interfaceSegregationPrinciple\discount.ts">
        <metrics statements="9" coveredstatements="6" conditionals="0" coveredconditionals="0" methods="5" coveredmethods="2"/>
        <line num="1" count="1" type="stmt"/>
        <line num="2" count="8" type="stmt"/>
        <line num="4" count="3" type="stmt"/>
        <line num="8" count="1" type="stmt"/>
        <line num="9" count="0" type="stmt"/>
        <line num="12" count="1" type="stmt"/>
        <line num="13" count="0" type="stmt"/>
        <line num="15" count="1" type="stmt"/>
        <line num="16" count="0" type="stmt"/>
      </file>
    </package>
    <package name="iniciandoTestes.testandoUmaClasse">
      <metrics statements="16" coveredstatements="16" conditionals="0" coveredconditionals="0" methods="11" coveredmethods="11"/>
      <file name="Persistency.ts" path="C:\Users\Nicman\Desktop\Typescript\src\iniciandoTestes\testandoUmaClasse\Persistency.ts">
        <metrics statements="2" coveredstatements="2" conditionals="0" coveredconditionals="0" methods="1" coveredmethods="1"/>
        <line num="3" count="1" type="stmt"/>
        <line num="5" count="3" type="stmt"/>
      </file>
      <file name="messaging.ts" path="C:\Users\Nicman\Desktop\Typescript\src\iniciandoTestes\testandoUmaClasse\messaging.ts">
        <metrics statements="2" coveredstatements="2" conditionals="0" coveredconditionals="0" methods="1" coveredmethods="1"/>
        <line num="1" count="1" type="stmt"/>
        <line num="3" count="3" type="stmt"/>
      </file>
      <file name="shoopingCart.ts" path="C:\Users\Nicman\Desktop\Typescript\src\iniciandoTestes\testandoUmaClasse\shoopingCart.ts">
        <metrics statements="12" coveredstatements="12" conditionals="0" coveredconditionals="0" methods="9" coveredmethods="9"/>
        <line num="4" count="1" type="stmt"/>
        <line num="5" count="8" type="stmt"/>
        <line num="6" count="8" type="stmt"/>
        <line num="9" count="12" type="stmt"/>
        <line num="13" count="1" type="stmt"/>
        <line num="17" count="4" type="stmt"/>
        <line num="21" count="5" type="stmt"/>
        <line num="22" count="10" type="stmt"/>
        <line num="27" count="3" type="stmt"/>
        <line num="31" count="1" type="stmt"/>
        <line num="35" count="1" type="stmt"/>
        <line num="36" count="1" type="stmt"/>
      </file>
    </package>
  </project>
</coverage>
