{"C:\\Users\\Nicman\\Desktop\\Typescript\\src\\classes\\Principios_Solid\\interfaceSegregationPrinciple\\discount.ts": {"path":"C:\\Users\\Nicman\\Desktop\\Typescript\\src\\classes\\Principios_Solid\\interfaceSegregationPrinciple\\discount.ts","statementMap":{"0":{"start":{"line":2,"column":12},"end":{"line":2,"column":25}},"1":{"start":{"line":4,"column":4},"end":{"line":4,"column":41}},"2":{"start":{"line":1,"column":0},"end":{"line":1,"column":22}},"3":{"start":{"line":9,"column":12},"end":{"line":9,"column":27}},"4":{"start":{"line":8,"column":0},"end":{"line":8,"column":13}},"5":{"start":{"line":13,"column":12},"end":{"line":13,"column":27}},"6":{"start":{"line":12,"column":0},"end":{"line":12,"column":13}},"7":{"start":{"line":16,"column":12},"end":{"line":16,"column":25}},"8":{"start":{"line":15,"column":0},"end":{"line":15,"column":13}}},"fnMap":{"0":{"name":"(anonymous_0)","decl":{"start":{"line":1,"column":0},"end":{"line":1,"column":22}},"loc":{"start":{"line":1,"column":0},"end":{"line":6,"column":1}}},"1":{"name":"(anonymous_1)","decl":{"start":{"line":3,"column":2},"end":{"line":3,"column":11}},"loc":{"start":{"line":3,"column":25},"end":{"line":5,"column":3}}},"2":{"name":"(anonymous_2)","decl":{"start":{"line":8,"column":0},"end":{"line":8,"column":13}},"loc":{"start":{"line":8,"column":0},"end":{"line":10,"column":1}}},"3":{"name":"(anonymous_3)","decl":{"start":{"line":12,"column":0},"end":{"line":12,"column":13}},"loc":{"start":{"line":12,"column":0},"end":{"line":14,"column":1}}},"4":{"name":"(anonymous_4)","decl":{"start":{"line":15,"column":0},"end":{"line":15,"column":13}},"loc":{"start":{"line":15,"column":0},"end":{"line":17,"column":1}}}},"branchMap":{},"s":{"0":8,"1":3,"2":1,"3":0,"4":1,"5":0,"6":1,"7":0,"8":1},"f":{"0":8,"1":3,"2":0,"3":0,"4":0},"b":{}}
,"C:\\Users\\Nicman\\Desktop\\Typescript\\src\\iniciandoTestes\\testandoUmaClasse\\Persistency.ts": {"path":"C:\\Users\\Nicman\\Desktop\\Typescript\\src\\iniciandoTestes\\testandoUmaClasse\\Persistency.ts","statementMap":{"0":{"start":{"line":5,"column":4},"end":{"line":5,"column":44}},"1":{"start":{"line":3,"column":0},"end":{"line":3,"column":13}}},"fnMap":{"0":{"name":"(anonymous_0)","decl":{"start":{"line":4,"column":2},"end":{"line":4,"column":11}},"loc":{"start":{"line":4,"column":11},"end":{"line":6,"column":3}}}},"branchMap":{},"s":{"0":3,"1":1},"f":{"0":3},"b":{}}
,"C:\\Users\\Nicman\\Desktop\\Typescript\\src\\iniciandoTestes\\testandoUmaClasse\\messaging.ts": {"path":"C:\\Users\\Nicman\\Desktop\\Typescript\\src\\iniciandoTestes\\testandoUmaClasse\\messaging.ts","statementMap":{"0":{"start":{"line":3,"column":4},"end":{"line":3,"column":42}},"1":{"start":{"line":1,"column":0},"end":{"line":1,"column":13}}},"fnMap":{"0":{"name":"(anonymous_0)","decl":{"start":{"line":2,"column":2},"end":{"line":2,"column":13}},"loc":{"start":{"line":2,"column":25},"end":{"line":4,"column":3}}}},"branchMap":{},"s":{"0":3,"1":1},"f":{"0":3},"b":{}}
,"C:\\Users\\Nicman\\Desktop\\Typescript\\src\\iniciandoTestes\\testandoUmaClasse\\shoopingCart.ts": {"path":"C:\\Users\\Nicman\\Desktop\\Typescript\\src\\iniciandoTestes\\testandoUmaClasse\\shoopingCart.ts","statementMap":{"0":{"start":{"line":6,"column":31},"end":{"line":6,"column":49}},"1":{"start":{"line":5,"column":19},"end":{"line":5,"column":43}},"2":{"start":{"line":9,"column":4},"end":{"line":9,"column":27}},"3":{"start":{"line":13,"column":4},"end":{"line":13,"column":33}},"4":{"start":{"line":17,"column":4},"end":{"line":17,"column":23}},"5":{"start":{"line":21,"column":4},"end":{"line":23,"column":18}},"6":{"start":{"line":22,"column":31},"end":{"line":22,"column":49}},"7":{"start":{"line":27,"column":4},"end":{"line":27,"column":49}},"8":{"start":{"line":31,"column":4},"end":{"line":31,"column":36}},"9":{"start":{"line":35,"column":4},"end":{"line":35,"column":52}},"10":{"start":{"line":36,"column":4},"end":{"line":36,"column":27}},"11":{"start":{"line":4,"column":0},"end":{"line":4,"column":13}}},"fnMap":{"0":{"name":"(anonymous_0)","decl":{"start":{"line":6,"column":2},"end":{"line":6,"column":31}},"loc":{"start":{"line":6,"column":49},"end":{"line":6,"column":53}}},"1":{"name":"(anonymous_1)","decl":{"start":{"line":8,"column":2},"end":{"line":8,"column":9}},"loc":{"start":{"line":8,"column":24},"end":{"line":10,"column":3}}},"2":{"name":"(anonymous_2)","decl":{"start":{"line":12,"column":2},"end":{"line":12,"column":12}},"loc":{"start":{"line":12,"column":26},"end":{"line":14,"column":3}}},"3":{"name":"(anonymous_3)","decl":{"start":{"line":16,"column":2},"end":{"line":16,"column":6}},"loc":{"start":{"line":16,"column":11},"end":{"line":18,"column":3}}},"4":{"name":"(anonymous_4)","decl":{"start":{"line":20,"column":2},"end":{"line":20,"column":7}},"loc":{"start":{"line":20,"column":7},"end":{"line":24,"column":3}}},"5":{"name":"(anonymous_5)","decl":{"start":{"line":22,"column":14},"end":{"line":22,"column":15}},"loc":{"start":{"line":22,"column":31},"end":{"line":22,"column":49}}},"6":{"name":"(anonymous_6)","decl":{"start":{"line":26,"column":2},"end":{"line":26,"column":18}},"loc":{"start":{"line":26,"column":18},"end":{"line":28,"column":3}}},"7":{"name":"(anonymous_7)","decl":{"start":{"line":30,"column":2},"end":{"line":30,"column":9}},"loc":{"start":{"line":30,"column":9},"end":{"line":32,"column":3}}},"8":{"name":"(anonymous_8)","decl":{"start":{"line":34,"column":2},"end":{"line":34,"column":7}},"loc":{"start":{"line":34,"column":7},"end":{"line":37,"column":3}}}},"branchMap":{},"s":{"0":8,"1":8,"2":12,"3":1,"4":4,"5":5,"6":10,"7":3,"8":1,"9":1,"10":1,"11":1},"f":{"0":8,"1":12,"2":1,"3":4,"4":5,"5":10,"6":3,"7":1,"8":1},"b":{}}
}
