TN:
SF:src\classes\Principios_Solid\interfaceSegregationPrinciple\discount.ts
FN:1,(anonymous_0)
FN:3,(anonymous_1)
FN:8,(anonymous_2)
FN:12,(anonymous_3)
FN:15,(anonymous_4)
FNF:5
FNH:2
FNDA:8,(anonymous_0)
FNDA:3,(anonymous_1)
FNDA:0,(anonymous_2)
FNDA:0,(anonymous_3)
FNDA:0,(anonymous_4)
DA:1,1
DA:2,8
DA:4,3
DA:8,1
DA:9,0
DA:12,1
DA:13,0
DA:15,1
DA:16,0
LF:9
LH:6
BRF:0
BRH:0
end_of_record
TN:
SF:src\iniciandoTestes\testandoUmaClasse\Persistency.ts
FN:4,(anonymous_0)
FNF:1
FNH:1
FNDA:3,(anonymous_0)
DA:3,1
DA:5,3
LF:2
LH:2
BRF:0
BRH:0
end_of_record
TN:
SF:src\iniciandoTestes\testandoUmaClasse\messaging.ts
FN:2,(anonymous_0)
FNF:1
FNH:1
FNDA:3,(anonymous_0)
DA:1,1
DA:3,3
LF:2
LH:2
BRF:0
BRH:0
end_of_record
TN:
SF:src\iniciandoTestes\testandoUmaClasse\shoopingCart.ts
FN:6,(anonymous_0)
FN:8,(anonymous_1)
FN:12,(anonymous_2)
FN:16,(anonymous_3)
FN:20,(anonymous_4)
FN:22,(anonymous_5)
FN:26,(anonymous_6)
FN:30,(anonymous_7)
FN:34,(anonymous_8)
FNF:9
FNH:9
FNDA:8,(anonymous_0)
FNDA:12,(anonymous_1)
FNDA:1,(anonymous_2)
FNDA:4,(anonymous_3)
FNDA:5,(anonymous_4)
FNDA:10,(anonymous_5)
FNDA:3,(anonymous_6)
FNDA:1,(anonymous_7)
FNDA:1,(anonymous_8)
DA:4,1
DA:5,8
DA:6,8
DA:9,12
DA:13,1
DA:17,4
DA:21,5
DA:22,10
DA:27,3
DA:31,1
DA:35,1
DA:36,1
LF:12
LH:12
BRF:0
BRH:0
end_of_record
